<?xml version="1.0" encoding="utf-8"?><testsuites name="pytest tests"><testsuite name="pytest" errors="0" failures="0" skipped="0" tests="43" time="18.180" timestamp="2026-08-19T16:51:31.843530+00:00" hostname="agent-env-f3ae54b9-2d2e-4385-ba17-bac3f8f8cf3f"><testcase classname="tests.test_wetazz_v2.TestE2EDocsPdf" name="test_01_create_customer_vehicle" time="0.984" /><testcase classname="tests.test_wetazz_workflow" name="test_business_email" time="0.524" /><testcase classname="tests.test_wetazz_workflow" name="test_integrations_status" time="0.542" /><testcase classname="tests.test_wetazz_v2.TestE2EDocsPdf" name="test_02_quote_with_location_and_pdf" time="0.927" /><testcase classname="tests.test_wetazz_workflow" name="test_integrations_status_rbac" time="0.514" /><testcase classname="tests.test_wetazz_workflow" name="test_signup_no_500" time="0.346" /><testcase classname="tests.test_wetazz_v2.TestE2EDocsPdf" name="test_03_invoice_and_pdf" time="0.527" /><testcase classname="tests.test_wetazz_workflow" name="test_public_enquiry_and_leads" time="0.236" /><testcase classname="tests.test_wetazz_workflow" name="test_leads_rbac" time="0.070" /><testcase classname="tests.test_wetazz_workflow" name="test_booking_confirmation_comm" time="0.247" /><testcase classname="tests.test_wetazz_v2.TestE2EDocsPdf" name="test_04_release_form_create_pdf_sign" time="2.113" /><testcase classname="tests.test_wetazz_workflow" name="test_confirm_booking_triggers_comm" time="0.492" /><testcase classname="tests.test_wetazz_workflow" name="test_create_job_and_labour" time="1.183" /><testcase classname="tests.test_wetazz_workflow" name="test_assign_job" time="0.308" /><testcase classname="tests.test_wetazz_workflow" name="test_job_labour_metrics" time="0.065" /><testcase classname="tests.test_wetazz_workflow" name="test_create_and_send_quote" time="0.477" /><testcase classname="tests.test_wetazz_v2.TestE2EDocsPdf" name="test_05_missing_doc_returns_404" time="0.687" /><testcase classname="tests.test_wetazz_workflow" name="test_approve_quote_deposit_comm" time="0.428" /><testcase classname="tests.test_wetazz_v2.TestE2EDocsPdf" name="test_06_pdf_requires_auth" time="0.182" /><testcase classname="tests.test_wetazz_v2.TestE2EDocsPdf" name="test_07_other_customer_cannot_read_pdf" time="0.921" /><testcase classname="tests.test_wetazz_workflow" name="test_ready_for_collection" time="0.502" /><testcase classname="tests.test_wetazz_workflow" name="test_completed_creates_review" time="0.542" /><testcase classname="tests.test_wetazz_v2.TestLocations" name="test_get_locations_has_wellington_primary" time="0.212" /><testcase classname="tests.test_wetazz_workflow" name="test_invoice_created_comm" time="0.462" /><testcase classname="tests.test_wetazz_v2.TestLocations" name="test_owner_create_patch_delete_location" time="1.082" /><testcase classname="tests.test_wetazz_workflow" name="test_customer_full_history" time="0.069" /><testcase classname="tests.test_wetazz_workflow" name="test_vehicle_full_detail" time="0.060" /><testcase classname="tests.test_wetazz_workflow" name="test_dashboard_kpis" time="0.083" /><testcase classname="tests.test_wetazz_workflow" name="test_dashboard_rbac" time="0.229" /><testcase classname="tests.test_wetazz_workflow" name="test_customers_rbac" time="0.073" /><testcase classname="tests.test_wetazz_workflow" name="test_me_messages" time="0.118" /><testcase classname="tests.test_wetazz_workflow" name="test_me_payments" time="0.118" /><testcase classname="tests.test_wetazz_workflow" name="test_me_documents" time="0.074" /><testcase classname="tests.test_wetazz_workflow" name="test_me_profile_update" time="0.238" /><testcase classname="tests.test_wetazz_workflow" name="test_owner_update_customer" time="0.110" /><testcase classname="tests.test_wetazz_v2.TestLocations" name="test_technician_forbidden_on_location_writes" time="1.005" /><testcase classname="tests.test_wetazz_v2.TestAiEstimate" name="test_rejects_no_images" time="0.127" /><testcase classname="tests.test_wetazz_v2.TestLocations" name="test_location_writes_require_auth" time="0.141" /><testcase classname="tests.test_wetazz_v2.TestAiEstimate" name="test_photo_estimate_creates_lead_and_customer" time="9.290" /><testcase classname="tests.test_wetazz_v2.TestSettings" name="test_get_settings_staff" time="0.140" /><testcase classname="tests.test_wetazz_v2.TestSettings" name="test_patch_settings_persists_owner" time="0.565" /><testcase classname="tests.test_wetazz_v2.TestSettings" name="test_technician_cannot_patch_settings" time="0.303" /><testcase classname="tests.test_wetazz_v2.TestAiEstimate" name="test_estimates_list_requires_staff" time="0.129" /></testsuite></testsuites>