<?xml version="1.0" encoding="utf-8"?><testsuites name="pytest tests"><testsuite name="pytest" errors="0" failures="0" skipped="0" tests="17" time="19.212" timestamp="2026-08-19T16:44:18.573986+00:00" hostname="agent-env-f3ae54b9-2d2e-4385-ba17-bac3f8f8cf3f"><testcase classname="tests.test_wetazz_v2.TestLocations" name="test_get_locations_has_wellington_primary" time="0.529" /><testcase classname="tests.test_wetazz_v2.TestE2EDocsPdf" name="test_01_create_customer_vehicle" time="0.899" /><testcase classname="tests.test_wetazz_v2.TestE2EDocsPdf" name="test_02_quote_with_location_and_pdf" time="0.557" /><testcase classname="tests.test_wetazz_v2.TestLocations" name="test_owner_create_patch_delete_location" time="1.551" /><testcase classname="tests.test_wetazz_v2.TestE2EDocsPdf" name="test_03_invoice_and_pdf" time="0.436" /><testcase classname="tests.test_wetazz_v2.TestE2EDocsPdf" name="test_04_release_form_create_pdf_sign" time="1.090" /><testcase classname="tests.test_wetazz_v2.TestLocations" name="test_technician_forbidden_on_location_writes" time="0.864" /><testcase classname="tests.test_wetazz_v2.TestLocations" name="test_location_writes_require_auth" time="0.158" /><testcase classname="tests.test_wetazz_v2.TestE2EDocsPdf" name="test_05_missing_doc_returns_404" time="0.591" /><testcase classname="tests.test_wetazz_v2.TestSettings" name="test_get_settings_staff" time="0.209" /><testcase classname="tests.test_wetazz_v2.TestSettings" name="test_patch_settings_persists_owner" time="0.794" /><testcase classname="tests.test_wetazz_v2.TestE2EDocsPdf" name="test_06_pdf_requires_auth" time="0.128" /><testcase classname="tests.test_wetazz_v2.TestE2EDocsPdf" name="test_07_other_customer_cannot_read_pdf" time="3.338" /><testcase classname="tests.test_wetazz_v2.TestSettings" name="test_technician_cannot_patch_settings" time="0.281" /><testcase classname="tests.test_wetazz_v2.TestAiEstimate" name="test_rejects_no_images" time="2.655" /><testcase classname="tests.test_wetazz_v2.TestAiEstimate" name="test_photo_estimate_creates_lead_and_customer" time="11.429" /><testcase classname="tests.test_wetazz_v2.TestAiEstimate" name="test_estimates_list_requires_staff" time="0.150" /></testsuite></testsuites>