<?xml version="1.0" encoding="utf-8"?><testsuites name="pytest tests"><testsuite name="pytest" errors="0" failures="0" skipped="0" tests="25" time="12.035" timestamp="2026-08-19T17:19:20.539010+00:00" hostname="agent-env-f3ae54b9-2d2e-4385-ba17-bac3f8f8cf3f"><testcase classname="tests.test_wetazz_v3.TestShop" name="test_products" time="0.545" /><testcase classname="tests.test_wetazz_v3.TestCommsSignaturePdf" name="test_01_create_customer_and_vehicle" time="1.714" /><testcase classname="tests.test_wetazz_v3.TestShop" name="test_checkout_ship_under_threshold_adds_shipping" time="0.751" /><testcase classname="tests.test_wetazz_v3.TestShop" name="test_checkout_ship_over_threshold_free" time="0.414" /><testcase classname="tests.test_wetazz_v3.TestShop" name="test_checkout_pickup_always_free" time="0.483" /><testcase classname="tests.test_wetazz_v3.TestCommsSignaturePdf" name="test_02_create_job_and_quote" time="0.517" /><testcase classname="tests.test_wetazz_v3.TestShop" name="test_checkout_empty_cart_400" time="0.140" /><testcase classname="tests.test_wetazz_v3.TestCommsSignaturePdf" name="test_03_quote_sent_creates_email_comm_status_sent" time="3.311" /><testcase classname="tests.test_wetazz_v3.TestShop" name="test_checkout_unknown_product_400" time="0.161" /><testcase classname="tests.test_wetazz_v3.TestShop" name="test_checkout_invalid_quantity_422" time="0.161" /><testcase classname="tests.test_wetazz_v3.TestOwnerAuth" name="test_owner_login_returns_owner_role" time="0.349" /><testcase classname="tests.test_wetazz_v3.TestOwnerAuth" name="test_owner_email_is_new_account" time="0.000" /><testcase classname="tests.test_wetazz_v3.TestOwnerAuth" name="test_bad_password_rejected" time="0.401" /><testcase classname="tests.test_wetazz_v3.TestRegression" name="test_settings_get_and_save" time="0.389" /><testcase classname="tests.test_wetazz_v3.TestRegression" name="test_release_form_create_pdf_sign" time="1.048" /><testcase classname="tests.test_wetazz_v3.TestRegression" name="test_quotes_and_invoices_lists" time="0.386" /><testcase classname="tests.test_wetazz_v3.TestCommsSignaturePdf" name="test_04_sms_comms_are_not_configured_never_sent" time="0.133" /><testcase classname="tests.test_wetazz_v3.TestCommsSignaturePdf" name="test_05_customer_cannot_sign_other_customers_quote" time="0.520" /><testcase classname="tests.test_wetazz_v3.TestCommsSignaturePdf" name="test_06_sign_quote_sets_signature_approved_and_job_authorised" time="0.467" /><testcase classname="tests.test_wetazz_v3.TestCommsSignaturePdf" name="test_07_sign_missing_quote_404" time="0.113" /><testcase classname="tests.test_wetazz_v3.TestCommsSignaturePdf" name="test_08_signed_quote_pdf" time="0.399" /><testcase classname="tests.test_wetazz_v3.TestCommsSignaturePdf" name="test_09_invoice_created_emails_customer" time="3.385" /><testcase classname="tests.test_wetazz_v3.TestCommsSignaturePdf" name="test_10_invoice_pdf_with_embedded_signature" time="0.332" /><testcase classname="tests.test_wetazz_v3.TestCommsSignaturePdf" name="test_11_pdf_requires_auth" time="0.326" /><testcase classname="tests.test_wetazz_v3.TestCommsSignaturePdf" name="test_12_outsider_cannot_read_quote_pdf" time="0.161" /></testsuite></testsuites>