<?xml version="1.0" encoding="utf-8"?><testsuites name="pytest tests"><testsuite name="pytest" errors="0" failures="7" skipped="0" tests="26" time="7.506" timestamp="2026-08-17T13:52:49.254666+00:00" hostname="agent-env-f3ae54b9-2d2e-4385-ba17-bac3f8f8cf3f"><testcase classname="tests.test_wetazz_workflow" name="test_business_email" time="0.565" /><testcase classname="tests.test_wetazz_workflow" name="test_integrations_status" time="0.519" /><testcase classname="tests.test_wetazz_workflow" name="test_integrations_status_rbac" time="0.504" /><testcase classname="tests.test_wetazz_workflow" name="test_signup_no_500" time="0.351" /><testcase classname="tests.test_wetazz_workflow" name="test_public_enquiry_and_leads" time="0.164" /><testcase classname="tests.test_wetazz_workflow" name="test_leads_rbac" time="0.072" /><testcase classname="tests.test_wetazz_workflow" name="test_booking_confirmation_comm" time="0.261"><failure message="AssertionError: no BOOKING_CONFIRMATION; templates seen: [None]&#10;assert []">backend/tests/test_wetazz_workflow.py:168: in test_booking_confirmation_comm
    assert bc, f"no BOOKING_CONFIRMATION; templates seen: {sorted({c.get('template') for c in comms})}"
E   AssertionError: no BOOKING_CONFIRMATION; templates seen: [None]
E   assert []</failure></testcase><testcase classname="tests.test_wetazz_workflow" name="test_confirm_booking_triggers_comm" time="0.435"><failure message="AssertionError: no BOOKING_CONFIRMED; templates=[None]&#10;assert []&#10; +  where [] = _has_template([{'id': '9b82c841-da6d-481a-8648-8b30d68e4a9b', 'customer_id': 'a130fb7b-1997-480a-b5cb-18abeed0d5c7', 'job_id': None, 'channel': 'SMS', ...}, {'id': '54a5b7d9-1715-48e0-8d33-a3a1860e767a', 'customer_id': 'a130fb7b-1997-480a-b5cb-18abeed0d5c7', 'job_id': None, 'channel': 'EMAIL', ...}, {'id': '4740be4f-2499-4ab3-95ca-125daa6756e1', 'customer_id': 'a130fb7b-1997-480a-b5cb-18abeed0d5c7', 'job_id': None, 'channel': 'SMS', ...}, {'id': '13273200-44a6-48b2-bf2e-a9d33f92f89d', 'customer_id': 'a130fb7b-1997-480a-b5cb-18abeed0d5c7', 'job_id': None, 'channel': 'EMAIL', ...}], 'BOOKING_CONFIRMED')">backend/tests/test_wetazz_workflow.py:182: in test_confirm_booking_triggers_comm
    assert _has_template(comms, "BOOKING_CONFIRMED"), \
E   AssertionError: no BOOKING_CONFIRMED; templates=[None]
E   assert []
E    +  where [] = _has_template([{'id': '9b82c841-da6d-481a-8648-8b30d68e4a9b', 'customer_id': 'a130fb7b-1997-480a-b5cb-18abeed0d5c7', 'job_id': None, 'channel': 'SMS', ...}, {'id': '54a5b7d9-1715-48e0-8d33-a3a1860e767a', 'customer_id': 'a130fb7b-1997-480a-b5cb-18abeed0d5c7', 'job_id': None, 'channel': 'EMAIL', ...}, {'id': '4740be4f-2499-4ab3-95ca-125daa6756e1', 'customer_id': 'a130fb7b-1997-480a-b5cb-18abeed0d5c7', 'job_id': None, 'channel': 'SMS', ...}, {'id': '13273200-44a6-48b2-bf2e-a9d33f92f89d', 'customer_id': 'a130fb7b-1997-480a-b5cb-18abeed0d5c7', 'job_id': None, 'channel': 'EMAIL', ...}], 'BOOKING_CONFIRMED')</failure></testcase><testcase classname="tests.test_wetazz_workflow" name="test_create_job_and_labour" time="1.202" /><testcase classname="tests.test_wetazz_workflow" name="test_assign_job" time="0.198" /><testcase classname="tests.test_wetazz_workflow" name="test_job_labour_metrics" time="0.066" /><testcase classname="tests.test_wetazz_workflow" name="test_create_and_send_quote" time="0.494"><failure message="AssertionError: no QUOTE_SENT; templates=[None]&#10;assert []&#10; +  where [] = _has_template([{'id': 'b0aa3c99-8c5a-49ce-8b07-7de1539f8810', 'customer_id': 'a130fb7b-1997-480a-b5cb-18abeed0d5c7', 'job_id': 'e1b00690-0de9-452d-986a-14a6bd02ae94', 'channel': 'EMAIL', ...}, {'id': '9b82c841-da6d-481a-8648-8b30d68e4a9b', 'customer_id': 'a130fb7b-1997-480a-b5cb-18abeed0d5c7', 'job_id': None, 'channel': 'SMS', ...}, {'id': '54a5b7d9-1715-48e0-8d33-a3a1860e767a', 'customer_id': 'a130fb7b-1997-480a-b5cb-18abeed0d5c7', 'job_id': None, 'channel': 'EMAIL', ...}, {'id': '4740be4f-2499-4ab3-95ca-125daa6756e1', 'customer_id': 'a130fb7b-1997-480a-b5cb-18abeed0d5c7', 'job_id': None, 'channel': 'SMS', ...}, {'id': '13273200-44a6-48b2-bf2e-a9d33f92f89d', 'customer_id': 'a130fb7b-1997-480a-b5cb-18abeed0d5c7', 'job_id': None, 'channel': 'EMAIL', ...}], 'QUOTE_SENT')">backend/tests/test_wetazz_workflow.py:241: in test_create_and_send_quote
    assert _has_template(comms, "QUOTE_SENT"), \
E   AssertionError: no QUOTE_SENT; templates=[None]
E   assert []
E    +  where [] = _has_template([{'id': 'b0aa3c99-8c5a-49ce-8b07-7de1539f8810', 'customer_id': 'a130fb7b-1997-480a-b5cb-18abeed0d5c7', 'job_id': 'e1b00690-0de9-452d-986a-14a6bd02ae94', 'channel': 'EMAIL', ...}, {'id': '9b82c841-da6d-481a-8648-8b30d68e4a9b', 'customer_id': 'a130fb7b-1997-480a-b5cb-18abeed0d5c7', 'job_id': None, 'channel': 'SMS', ...}, {'id': '54a5b7d9-1715-48e0-8d33-a3a1860e767a', 'customer_id': 'a130fb7b-1997-480a-b5cb-18abeed0d5c7', 'job_id': None, 'channel': 'EMAIL', ...}, {'id': '4740be4f-2499-4ab3-95ca-125daa6756e1', 'customer_id': 'a130fb7b-1997-480a-b5cb-18abeed0d5c7', 'job_id': None, 'channel': 'SMS', ...}, {'id': '13273200-44a6-48b2-bf2e-a9d33f92f89d', 'customer_id': 'a130fb7b-1997-480a-b5cb-18abeed0d5c7', 'job_id': None, 'channel': 'EMAIL', ...}], 'QUOTE_SENT')</failure></testcase><testcase classname="tests.test_wetazz_workflow" name="test_approve_quote_deposit_comm" time="0.431"><failure message="AssertionError: no DEPOSIT_REQUIRED; templates=[None]&#10;assert []&#10; +  where [] = _has_template([{'id': 'decbf5b7-46ce-4c5c-b257-a17c7a23a900', 'customer_id': 'a130fb7b-1997-480a-b5cb-18abeed0d5c7', 'job_id': 'e1b00690-0de9-452d-986a-14a6bd02ae94', 'channel': 'SMS', ...}, {'id': 'dd217701-3ae0-4b51-b81a-edbdd9587c48', 'customer_id': 'a130fb7b-1997-480a-b5cb-18abeed0d5c7', 'job_id': 'e1b00690-0de9-452d-986a-14a6bd02ae94', 'channel': 'EMAIL', ...}, {'id': 'b0aa3c99-8c5a-49ce-8b07-7de1539f8810', 'customer_id': 'a130fb7b-1997-480a-b5cb-18abeed0d5c7', 'job_id': 'e1b00690-0de9-452d-986a-14a6bd02ae94', 'channel': 'EMAIL', ...}, {'id': '9b82c841-da6d-481a-8648-8b30d68e4a9b', 'customer_id': 'a130fb7b-1997-480a-b5cb-18abeed0d5c7', 'job_id': None, 'channel': 'SMS', ...}, {'id': '54a5b7d9-1715-48e0-8d33-a3a1860e767a', 'customer_id': 'a130fb7b-1997-480a-b5cb-18abeed0d5c7', 'job_id': None, 'channel': 'EMAIL', ...}, {'id': '4740be4f-2499-4ab3-95ca-125daa6756e1', 'customer_id': 'a130fb7b-1997-480a-b5cb-18abeed0d5c7', 'job_id': None, 'channel': 'SMS', ...}, ...], 'DEPOSIT_REQUIRED')">backend/tests/test_wetazz_workflow.py:251: in test_approve_quote_deposit_comm
    assert _has_template(comms, "DEPOSIT_REQUIRED"), \
E   AssertionError: no DEPOSIT_REQUIRED; templates=[None]
E   assert []
E    +  where [] = _has_template([{'id': 'decbf5b7-46ce-4c5c-b257-a17c7a23a900', 'customer_id': 'a130fb7b-1997-480a-b5cb-18abeed0d5c7', 'job_id': 'e1b00690-0de9-452d-986a-14a6bd02ae94', 'channel': 'SMS', ...}, {'id': 'dd217701-3ae0-4b51-b81a-edbdd9587c48', 'customer_id': 'a130fb7b-1997-480a-b5cb-18abeed0d5c7', 'job_id': 'e1b00690-0de9-452d-986a-14a6bd02ae94', 'channel': 'EMAIL', ...}, {'id': 'b0aa3c99-8c5a-49ce-8b07-7de1539f8810', 'customer_id': 'a130fb7b-1997-480a-b5cb-18abeed0d5c7', 'job_id': 'e1b00690-0de9-452d-986a-14a6bd02ae94', 'channel': 'EMAIL', ...}, {'id': '9b82c841-da6d-481a-8648-8b30d68e4a9b', 'customer_id': 'a130fb7b-1997-480a-b5cb-18abeed0d5c7', 'job_id': None, 'channel': 'SMS', ...}, {'id': '54a5b7d9-1715-48e0-8d33-a3a1860e767a', 'customer_id': 'a130fb7b-1997-480a-b5cb-18abeed0d5c7', 'job_id': None, 'channel': 'EMAIL', ...}, {'id': '4740be4f-2499-4ab3-95ca-125daa6756e1', 'customer_id': 'a130fb7b-1997-480a-b5cb-18abeed0d5c7', 'job_id': None, 'channel': 'SMS', ...}, ...], 'DEPOSIT_REQUIRED')</failure></testcase><testcase classname="tests.test_wetazz_workflow" name="test_ready_for_collection" time="0.433"><failure message="AssertionError: assert []&#10; +  where [] = _has_template([{'id': 'ddc4adf6-74e0-4118-8357-4feecb8c1c89', 'customer_id': 'a130fb7b-1997-480a-b5cb-18abeed0d5c7', 'job_id': 'e1b00690-0de9-452d-986a-14a6bd02ae94', 'channel': 'SMS', ...}, {'id': '9584f5be-3aa2-4b5a-8586-ad2abf6e7fe1', 'customer_id': 'a130fb7b-1997-480a-b5cb-18abeed0d5c7', 'job_id': 'e1b00690-0de9-452d-986a-14a6bd02ae94', 'channel': 'EMAIL', ...}, {'id': 'decbf5b7-46ce-4c5c-b257-a17c7a23a900', 'customer_id': 'a130fb7b-1997-480a-b5cb-18abeed0d5c7', 'job_id': 'e1b00690-0de9-452d-986a-14a6bd02ae94', 'channel': 'SMS', ...}, {'id': 'dd217701-3ae0-4b51-b81a-edbdd9587c48', 'customer_id': 'a130fb7b-1997-480a-b5cb-18abeed0d5c7', 'job_id': 'e1b00690-0de9-452d-986a-14a6bd02ae94', 'channel': 'EMAIL', ...}, {'id': 'b0aa3c99-8c5a-49ce-8b07-7de1539f8810', 'customer_id': 'a130fb7b-1997-480a-b5cb-18abeed0d5c7', 'job_id': 'e1b00690-0de9-452d-986a-14a6bd02ae94', 'channel': 'EMAIL', ...}, {'id': '9b82c841-da6d-481a-8648-8b30d68e4a9b', 'customer_id': 'a130fb7b-1997-480a-b5cb-18abeed0d5c7', 'job_id': None, 'channel': 'SMS', ...}, ...], 'READY_FOR_COLLECTION')">backend/tests/test_wetazz_workflow.py:261: in test_ready_for_collection
    assert _has_template(comms, "READY_FOR_COLLECTION")
E   AssertionError: assert []
E    +  where [] = _has_template([{'id': 'ddc4adf6-74e0-4118-8357-4feecb8c1c89', 'customer_id': 'a130fb7b-1997-480a-b5cb-18abeed0d5c7', 'job_id': 'e1b00690-0de9-452d-986a-14a6bd02ae94', 'channel': 'SMS', ...}, {'id': '9584f5be-3aa2-4b5a-8586-ad2abf6e7fe1', 'customer_id': 'a130fb7b-1997-480a-b5cb-18abeed0d5c7', 'job_id': 'e1b00690-0de9-452d-986a-14a6bd02ae94', 'channel': 'EMAIL', ...}, {'id': 'decbf5b7-46ce-4c5c-b257-a17c7a23a900', 'customer_id': 'a130fb7b-1997-480a-b5cb-18abeed0d5c7', 'job_id': 'e1b00690-0de9-452d-986a-14a6bd02ae94', 'channel': 'SMS', ...}, {'id': 'dd217701-3ae0-4b51-b81a-edbdd9587c48', 'customer_id': 'a130fb7b-1997-480a-b5cb-18abeed0d5c7', 'job_id': 'e1b00690-0de9-452d-986a-14a6bd02ae94', 'channel': 'EMAIL', ...}, {'id': 'b0aa3c99-8c5a-49ce-8b07-7de1539f8810', 'customer_id': 'a130fb7b-1997-480a-b5cb-18abeed0d5c7', 'job_id': 'e1b00690-0de9-452d-986a-14a6bd02ae94', 'channel': 'EMAIL', ...}, {'id': '9b82c841-da6d-481a-8648-8b30d68e4a9b', 'customer_id': 'a130fb7b-1997-480a-b5cb-18abeed0d5c7', 'job_id': None, 'channel': 'SMS', ...}, ...], 'READY_FOR_COLLECTION')</failure></testcase><testcase classname="tests.test_wetazz_workflow" name="test_completed_creates_review" time="0.433"><failure message="AssertionError: assert []&#10; +  where [] = _has_template([{'id': '24a60aa8-67aa-4daa-89f5-7d80da169ed8', 'customer_id': 'a130fb7b-1997-480a-b5cb-18abeed0d5c7', 'job_id': 'e1b00690-0de9-452d-986a-14a6bd02ae94', 'channel': 'SMS', ...}, {'id': 'c686fa1e-0b76-4a28-9539-c7ca6df5db60', 'customer_id': 'a130fb7b-1997-480a-b5cb-18abeed0d5c7', 'job_id': 'e1b00690-0de9-452d-986a-14a6bd02ae94', 'channel': 'EMAIL', ...}, {'id': 'ddc4adf6-74e0-4118-8357-4feecb8c1c89', 'customer_id': 'a130fb7b-1997-480a-b5cb-18abeed0d5c7', 'job_id': 'e1b00690-0de9-452d-986a-14a6bd02ae94', 'channel': 'SMS', ...}, {'id': '9584f5be-3aa2-4b5a-8586-ad2abf6e7fe1', 'customer_id': 'a130fb7b-1997-480a-b5cb-18abeed0d5c7', 'job_id': 'e1b00690-0de9-452d-986a-14a6bd02ae94', 'channel': 'EMAIL', ...}, {'id': 'decbf5b7-46ce-4c5c-b257-a17c7a23a900', 'customer_id': 'a130fb7b-1997-480a-b5cb-18abeed0d5c7', 'job_id': 'e1b00690-0de9-452d-986a-14a6bd02ae94', 'channel': 'SMS', ...}, {'id': 'dd217701-3ae0-4b51-b81a-edbdd9587c48', 'customer_id': 'a130fb7b-1997-480a-b5cb-18abeed0d5c7', 'job_id': 'e1b00690-0de9-452d-986a-14a6bd02ae94', 'channel': 'EMAIL', ...}, ...], 'REVIEW_REQUEST')">backend/tests/test_wetazz_workflow.py:270: in test_completed_creates_review
    assert _has_template(comms, "REVIEW_REQUEST")
E   AssertionError: assert []
E    +  where [] = _has_template([{'id': '24a60aa8-67aa-4daa-89f5-7d80da169ed8', 'customer_id': 'a130fb7b-1997-480a-b5cb-18abeed0d5c7', 'job_id': 'e1b00690-0de9-452d-986a-14a6bd02ae94', 'channel': 'SMS', ...}, {'id': 'c686fa1e-0b76-4a28-9539-c7ca6df5db60', 'customer_id': 'a130fb7b-1997-480a-b5cb-18abeed0d5c7', 'job_id': 'e1b00690-0de9-452d-986a-14a6bd02ae94', 'channel': 'EMAIL', ...}, {'id': 'ddc4adf6-74e0-4118-8357-4feecb8c1c89', 'customer_id': 'a130fb7b-1997-480a-b5cb-18abeed0d5c7', 'job_id': 'e1b00690-0de9-452d-986a-14a6bd02ae94', 'channel': 'SMS', ...}, {'id': '9584f5be-3aa2-4b5a-8586-ad2abf6e7fe1', 'customer_id': 'a130fb7b-1997-480a-b5cb-18abeed0d5c7', 'job_id': 'e1b00690-0de9-452d-986a-14a6bd02ae94', 'channel': 'EMAIL', ...}, {'id': 'decbf5b7-46ce-4c5c-b257-a17c7a23a900', 'customer_id': 'a130fb7b-1997-480a-b5cb-18abeed0d5c7', 'job_id': 'e1b00690-0de9-452d-986a-14a6bd02ae94', 'channel': 'SMS', ...}, {'id': 'dd217701-3ae0-4b51-b81a-edbdd9587c48', 'customer_id': 'a130fb7b-1997-480a-b5cb-18abeed0d5c7', 'job_id': 'e1b00690-0de9-452d-986a-14a6bd02ae94', 'channel': 'EMAIL', ...}, ...], 'REVIEW_REQUEST')</failure></testcase><testcase classname="tests.test_wetazz_workflow" name="test_invoice_created_comm" time="0.431"><failure message="AssertionError: no INVOICE_CREATED; templates=[None]&#10;assert []&#10; +  where [] = _has_template([{'id': 'd9bb82ab-0b6c-431e-bf45-c380dc130e7c', 'customer_id': 'a130fb7b-1997-480a-b5cb-18abeed0d5c7', 'job_id': 'e1b00690-0de9-452d-986a-14a6bd02ae94', 'channel': 'EMAIL', ...}, {'id': '24a60aa8-67aa-4daa-89f5-7d80da169ed8', 'customer_id': 'a130fb7b-1997-480a-b5cb-18abeed0d5c7', 'job_id': 'e1b00690-0de9-452d-986a-14a6bd02ae94', 'channel': 'SMS', ...}, {'id': 'c686fa1e-0b76-4a28-9539-c7ca6df5db60', 'customer_id': 'a130fb7b-1997-480a-b5cb-18abeed0d5c7', 'job_id': 'e1b00690-0de9-452d-986a-14a6bd02ae94', 'channel': 'EMAIL', ...}, {'id': 'ddc4adf6-74e0-4118-8357-4feecb8c1c89', 'customer_id': 'a130fb7b-1997-480a-b5cb-18abeed0d5c7', 'job_id': 'e1b00690-0de9-452d-986a-14a6bd02ae94', 'channel': 'SMS', ...}, {'id': '9584f5be-3aa2-4b5a-8586-ad2abf6e7fe1', 'customer_id': 'a130fb7b-1997-480a-b5cb-18abeed0d5c7', 'job_id': 'e1b00690-0de9-452d-986a-14a6bd02ae94', 'channel': 'EMAIL', ...}, {'id': 'decbf5b7-46ce-4c5c-b257-a17c7a23a900', 'customer_id': 'a130fb7b-1997-480a-b5cb-18abeed0d5c7', 'job_id': 'e1b00690-0de9-452d-986a-14a6bd02ae94', 'channel': 'SMS', ...}, ...], 'INVOICE_CREATED')">backend/tests/test_wetazz_workflow.py:288: in test_invoice_created_comm
    assert _has_template(comms, "INVOICE_CREATED"), \
E   AssertionError: no INVOICE_CREATED; templates=[None]
E   assert []
E    +  where [] = _has_template([{'id': 'd9bb82ab-0b6c-431e-bf45-c380dc130e7c', 'customer_id': 'a130fb7b-1997-480a-b5cb-18abeed0d5c7', 'job_id': 'e1b00690-0de9-452d-986a-14a6bd02ae94', 'channel': 'EMAIL', ...}, {'id': '24a60aa8-67aa-4daa-89f5-7d80da169ed8', 'customer_id': 'a130fb7b-1997-480a-b5cb-18abeed0d5c7', 'job_id': 'e1b00690-0de9-452d-986a-14a6bd02ae94', 'channel': 'SMS', ...}, {'id': 'c686fa1e-0b76-4a28-9539-c7ca6df5db60', 'customer_id': 'a130fb7b-1997-480a-b5cb-18abeed0d5c7', 'job_id': 'e1b00690-0de9-452d-986a-14a6bd02ae94', 'channel': 'EMAIL', ...}, {'id': 'ddc4adf6-74e0-4118-8357-4feecb8c1c89', 'customer_id': 'a130fb7b-1997-480a-b5cb-18abeed0d5c7', 'job_id': 'e1b00690-0de9-452d-986a-14a6bd02ae94', 'channel': 'SMS', ...}, {'id': '9584f5be-3aa2-4b5a-8586-ad2abf6e7fe1', 'customer_id': 'a130fb7b-1997-480a-b5cb-18abeed0d5c7', 'job_id': 'e1b00690-0de9-452d-986a-14a6bd02ae94', 'channel': 'EMAIL', ...}, {'id': 'decbf5b7-46ce-4c5c-b257-a17c7a23a900', 'customer_id': 'a130fb7b-1997-480a-b5cb-18abeed0d5c7', 'job_id': 'e1b00690-0de9-452d-986a-14a6bd02ae94', 'channel': 'SMS', ...}, ...], 'INVOICE_CREATED')</failure></testcase><testcase classname="tests.test_wetazz_workflow" name="test_customer_full_history" time="0.068" /><testcase classname="tests.test_wetazz_workflow" name="test_vehicle_full_detail" time="0.069" /><testcase classname="tests.test_wetazz_workflow" name="test_dashboard_kpis" time="0.071" /><testcase classname="tests.test_wetazz_workflow" name="test_dashboard_rbac" time="0.078" /><testcase classname="tests.test_wetazz_workflow" name="test_customers_rbac" time="0.075" /><testcase classname="tests.test_wetazz_workflow" name="test_me_messages" time="0.081" /><testcase classname="tests.test_wetazz_workflow" name="test_me_payments" time="0.074" /><testcase classname="tests.test_wetazz_workflow" name="test_me_documents" time="0.080" /><testcase classname="tests.test_wetazz_workflow" name="test_me_profile_update" time="0.077" /><testcase classname="tests.test_wetazz_workflow" name="test_owner_update_customer" time="0.130" /></testsuite></testsuites>